::1 - - [04/Feb/2021:10:04:34 +0000] "POST /api/v1/text/summarize HTTP/1.1" 200 2 "-" "PostmanRuntime/7.26.8"
::1 - - [04/Feb/2021:10:04:57 +0000] "POST /api/v1/text/summarize HTTP/1.1" 200 26 "-" "PostmanRuntime/7.26.8"
::1 - - [04/Feb/2021:10:05:13 +0000] "POST /api/v1/text/summarize HTTP/1.1" 200 26 "-" "PostmanRuntime/7.26.8"
::1 - - [04/Feb/2021:12:18:58 +0000] "POST /api/v1/text/summarize HTTP/1.1" 500 21 "-" "PostmanRuntime/7.26.8"
::1 - - [04/Feb/2021:12:31:47 +0000] "POST /api/v1/text/summarize HTTP/1.1" 500 251 "-" "PostmanRuntime/7.26.8"
::1 - - [04/Feb/2021:12:32:03 +0000] "POST /api/v1/text/summarize HTTP/1.1" 500 251 "-" "PostmanRuntime/7.26.8"
::1 - - [04/Feb/2021:12:37:53 +0000] "POST /api/v1/text/summarize HTTP/1.1" 500 76 "-" "PostmanRuntime/7.26.8"
::1 - - [04/Feb/2021:12:38:17 +0000] "POST /api/v1/text/summarize HTTP/1.1" 500 251 "-" "PostmanRuntime/7.26.8"
::1 - - [04/Feb/2021:12:39:07 +0000] "POST /api/v1/text/summarize HTTP/1.1" 500 65 "-" "PostmanRuntime/7.26.8"
::1 - - [04/Feb/2021:12:39:30 +0000] "POST /api/v1/text/summarize HTTP/1.1" 500 2449 "-" "PostmanRuntime/7.26.8"
::1 - - [04/Feb/2021:12:41:21 +0000] "POST /api/v1/text/summarize HTTP/1.1" 500 2449 "-" "PostmanRuntime/7.26.8"
::1 - - [04/Feb/2021:12:41:42 +0000] "POST /api/v1/text/summarize HTTP/1.1" 500 2449 "-" "PostmanRuntime/7.26.8"
::1 - - [04/Feb/2021:12:42:46 +0000] "POST /api/v1/text/summarize HTTP/1.1" 500 2448 "-" "PostmanRuntime/7.26.8"
::1 - - [04/Feb/2021:12:42:56 +0000] "POST /api/v1/text/summarize HTTP/1.1" 500 2449 "-" "PostmanRuntime/7.26.8"
::1 - - [04/Feb/2021:12:46:58 +0000] "POST /api/v1/text/summarize HTTP/1.1" 500 14 "-" "PostmanRuntime/7.26.8"
::1 - - [04/Feb/2021:12:47:51 +0000] "POST /api/v1/text/summarize HTTP/1.1" 500 14 "-" "PostmanRuntime/7.26.8"
::1 - - [04/Feb/2021:12:49:27 +0000] "POST /api/v1/text/summarize HTTP/1.1" 500 14 "-" "PostmanRuntime/7.26.8"
::1 - - [04/Feb/2021:12:50:23 +0000] "POST /api/v1/text/summarize HTTP/1.1" 500 14 "-" "PostmanRuntime/7.26.8"
::1 - - [04/Feb/2021:13:00:55 +0000] "POST /api/v1/text/summarize HTTP/1.1" 500 2498 "-" "PostmanRuntime/7.26.8"
::1 - - [04/Feb/2021:13:02:31 +0000] "POST /api/v1/text/summarize HTTP/1.1" 500 14 "-" "PostmanRuntime/7.26.8"
::1 - - [04/Feb/2021:13:03:12 +0000] "POST /api/v1/text/summarize HTTP/1.1" 500 14 "-" "PostmanRuntime/7.26.8"
::1 - - [04/Feb/2021:13:03:44 +0000] "POST /api/v1/text/summarize HTTP/1.1" 500 14 "-" "PostmanRuntime/7.26.8"
::1 - - [04/Feb/2021:13:04:06 +0000] "POST /api/v1/text/summarize HTTP/1.1" 500 14 "-" "PostmanRuntime/7.26.8"
::1 - - [04/Feb/2021:13:07:09 +0000] "POST /api/v1/text/summarize HTTP/1.1" 500 14 "-" "PostmanRuntime/7.26.8"
::1 - - [04/Feb/2021:13:16:36 +0000] "POST /api/v1/text/summarize HTTP/1.1" 500 14 "-" "PostmanRuntime/7.26.8"
::1 - - [04/Feb/2021:13:17:02 +0000] "POST /api/v1/text/summarize HTTP/1.1" 500 14 "-" "PostmanRuntime/7.26.8"
::1 - - [04/Feb/2021:13:17:56 +0000] "POST /api/v1/text/summarize HTTP/1.1" 500 14 "-" "PostmanRuntime/7.26.8"
::1 - - [04/Feb/2021:13:20:10 +0000] "POST /api/v1/text/summarize HTTP/1.1" 500 76 "-" "PostmanRuntime/7.26.8"
::1 - - [04/Feb/2021:13:20:50 +0000] "POST /api/v1/text/summarize HTTP/1.1" 500 14 "-" "PostmanRuntime/7.26.8"
::1 - - [04/Feb/2021:13:21:03 +0000] "POST /api/v1/text/summarize HTTP/1.1" 500 2514 "-" "PostmanRuntime/7.26.8"
::1 - - [04/Feb/2021:13:21:52 +0000] "POST /api/v1/text/summarize HTTP/1.1" 500 14 "-" "PostmanRuntime/7.26.8"
::1 - - [04/Feb/2021:13:22:53 +0000] "POST /api/v1/text/summarize HTTP/1.1" 500 14 "-" "PostmanRuntime/7.26.8"
::1 - - [04/Feb/2021:13:23:36 +0000] "POST /api/v1/text/summarize HTTP/1.1" 500 14 "-" "PostmanRuntime/7.26.8"
::1 - - [04/Feb/2021:13:24:42 +0000] "POST /api/v1/text/summarize HTTP/1.1" 500 14 "-" "PostmanRuntime/7.26.8"
::1 - - [04/Feb/2021:13:25:36 +0000] "POST /api/v1/text/summarize HTTP/1.1" 500 14 "-" "PostmanRuntime/7.26.8"
::1 - - [04/Feb/2021:13:30:52 +0000] "POST /api/v1/text/summarize HTTP/1.1" 200 1709 "-" "PostmanRuntime/7.26.8"
::1 - - [04/Feb/2021:13:31:39 +0000] "POST /api/v1/text/summarize HTTP/1.1" 200 1709 "-" "PostmanRuntime/7.26.8"
::1 - - [04/Feb/2021:13:45:06 +0000] "POST /api/v1/text/summarize HTTP/1.1" 200 53458 "-" "PostmanRuntime/7.26.8"
::1 - - [04/Feb/2021:13:47:23 +0000] "POST /api/v1/text/summarize HTTP/1.1" 200 578 "-" "PostmanRuntime/7.26.8"
::1 - - [08/Feb/2021:12:01:18 +0000] "POST /api/v1/convert/audio-to-text HTTP/1.1" 200 16 "-" "PostmanRuntime/7.26.8"
::1 - - [08/Feb/2021:12:02:36 +0000] "POST /api/v1/convert/audio-to-text HTTP/1.1" 200 16 "-" "PostmanRuntime/7.26.8"
::1 - - [08/Feb/2021:12:06:30 +0000] "POST /api/v1/convert/audio-to-text HTTP/1.1" 500 203 "-" "PostmanRuntime/7.26.8"
::1 - - [08/Feb/2021:12:06:48 +0000] "POST /api/v1/convert/audio-to-text HTTP/1.1" 200 16 "-" "PostmanRuntime/7.26.8"
::1 - - [08/Feb/2021:12:07:17 +0000] "POST /api/v1/convert/audio-to-text HTTP/1.1" 200 16 "-" "PostmanRuntime/7.26.8"
::1 - - [08/Feb/2021:12:09:46 +0000] "POST /api/v1/convert/audio-to-text HTTP/1.1" 500 19 "-" "PostmanRuntime/7.26.8"
::1 - - [08/Feb/2021:12:10:04 +0000] "POST /api/v1/convert/audio-to-text HTTP/1.1" 500 71 "-" "PostmanRuntime/7.26.8"
::1 - - [08/Feb/2021:12:12:53 +0000] "POST /api/v1/convert/audio-to-text HTTP/1.1" 200 16 "-" "PostmanRuntime/7.26.8"
::1 - - [08/Feb/2021:12:13:48 +0000] "POST /api/v1/convert/audio-to-text HTTP/1.1" 200 16 "-" "PostmanRuntime/7.26.8"
::1 - - [08/Feb/2021:12:14:08 +0000] "POST /api/v1/convert/audio-to-text HTTP/1.1" 200 16 "-" "PostmanRuntime/7.26.8"
::1 - - [08/Feb/2021:12:14:45 +0000] "POST /api/v1/convert/audio-to-text HTTP/1.1" 200 16 "-" "PostmanRuntime/7.26.8"
::1 - - [08/Feb/2021:12:15:05 +0000] "POST /api/v1/convert/audio-to-text HTTP/1.1" 200 16 "-" "PostmanRuntime/7.26.8"
::1 - - [08/Feb/2021:12:20:35 +0000] "POST /api/v1/convert/audio-to-text HTTP/1.1" 200 16 "-" "PostmanRuntime/7.26.8"
::1 - - [08/Feb/2021:12:25:25 +0000] "POST /api/v1/convert/audio-to-text HTTP/1.1" 200 16 "-" "PostmanRuntime/7.26.8"
::1 - - [08/Feb/2021:12:25:33 +0000] "POST /api/v1/convert/audio-to-text HTTP/1.1" 200 16 "-" "PostmanRuntime/7.26.8"
::1 - - [08/Feb/2021:12:26:15 +0000] "POST /api/v1/convert/audio-to-text HTTP/1.1" 200 16 "-" "PostmanRuntime/7.26.8"
::1 - - [08/Feb/2021:12:32:49 +0000] "POST /api/v1/convert/audio-to-text HTTP/1.1" 200 16 "-" "PostmanRuntime/7.26.8"
::1 - - [08/Feb/2021:12:35:46 +0000] "POST /api/v1/convert/audio-to-text HTTP/1.1" 200 16 "-" "PostmanRuntime/7.26.8"
::1 - - [08/Feb/2021:12:36:28 +0000] "POST /api/v1/convert/audio-to-text HTTP/1.1" 200 16 "-" "PostmanRuntime/7.26.8"
::1 - - [08/Feb/2021:12:39:51 +0000] "POST /api/v1/convert/audio-to-text HTTP/1.1" 200 - "-" "PostmanRuntime/7.26.8"
::1 - - [08/Feb/2021:12:40:26 +0000] "POST /api/v1/convert/audio-to-text HTTP/1.1" 200 2 "-" "PostmanRuntime/7.26.8"
::1 - - [08/Feb/2021:12:41:58 +0000] "POST /api/v1/convert/audio-to-text HTTP/1.1" 200 2 "-" "PostmanRuntime/7.26.8"
::1 - - [08/Feb/2021:12:43:12 +0000] "POST /api/v1/convert/audio-to-text HTTP/1.1" 200 2 "-" "PostmanRuntime/7.26.8"
::1 - - [08/Feb/2021:12:43:35 +0000] "POST /api/v1/convert/audio-to-text HTTP/1.1" 200 2 "-" "PostmanRuntime/7.26.8"
::1 - - [08/Feb/2021:19:51:49 +0000] "POST /api/v1/convert/audio-to-text HTTP/1.1" 200 2 "-" "PostmanRuntime/7.26.8"
::1 - - [08/Feb/2021:19:52:52 +0000] "POST /api/v1/convert/audio-to-text HTTP/1.1" 200 2 "-" "PostmanRuntime/7.26.8"
::1 - - [08/Feb/2021:19:53:21 +0000] "POST /api/v1/convert/audio-to-text HTTP/1.1" 200 2 "-" "PostmanRuntime/7.26.8"
::1 - - [08/Feb/2021:19:54:50 +0000] "POST /api/v1/convert/audio-to-text HTTP/1.1" 200 2 "-" "PostmanRuntime/7.26.8"
::1 - - [08/Feb/2021:19:55:25 +0000] "POST /api/v1/convert/audio-to-text HTTP/1.1" 200 2 "-" "PostmanRuntime/7.26.8"
::1 - - [08/Feb/2021:19:57:12 +0000] "POST /api/v1/convert/audio-to-text HTTP/1.1" 200 - "-" "PostmanRuntime/7.26.8"
::1 - - [08/Feb/2021:20:06:18 +0000] "POST /api/v1/convert/audio-to-text HTTP/1.1" 200 - "-" "PostmanRuntime/7.26.8"
::1 - - [08/Feb/2021:20:13:56 +0000] "POST /api/v1/convert/audio-to-text HTTP/1.1" 200 - "-" "PostmanRuntime/7.26.8"
::1 - - [08/Feb/2021:20:14:41 +0000] "POST /api/v1/convert/audio-to-text HTTP/1.1" 200 12 "-" "PostmanRuntime/7.26.8"
::1 - - [08/Feb/2021:20:15:12 +0000] "POST /api/v1/convert/audio-to-text HTTP/1.1" 200 - "-" "PostmanRuntime/7.26.8"
::1 - - [08/Feb/2021:20:15:55 +0000] "POST /api/v1/convert/audio-to-text HTTP/1.1" 200 - "-" "PostmanRuntime/7.26.8"
::1 - - [08/Feb/2021:20:16:56 +0000] "POST /api/v1/convert/audio-to-text HTTP/1.1" 200 - "-" "PostmanRuntime/7.26.8"
::1 - - [08/Feb/2021:20:17:31 +0000] "POST /api/v1/convert/audio-to-text HTTP/1.1" 200 - "-" "PostmanRuntime/7.26.8"
::1 - - [08/Feb/2021:20:17:41 +0000] "POST /api/v1/convert/audio-to-text HTTP/1.1" 200 - "-" "PostmanRuntime/7.26.8"
::1 - - [08/Feb/2021:20:17:51 +0000] "POST /api/v1/convert/audio-to-text HTTP/1.1" 200 - "-" "PostmanRuntime/7.26.8"
::1 - - [08/Feb/2021:20:17:59 +0000] "POST /api/v1/convert/audio-to-text HTTP/1.1" 200 6 "-" "PostmanRuntime/7.26.8"
::1 - - [08/Feb/2021:20:18:30 +0000] "POST /api/v1/convert/audio-to-text HTTP/1.1" 200 6 "-" "PostmanRuntime/7.26.8"
::1 - - [08/Feb/2021:20:18:41 +0000] "POST /api/v1/convert/audio-to-text HTTP/1.1" 200 22 "-" "PostmanRuntime/7.26.8"
::1 - - [08/Feb/2021:20:18:51 +0000] "POST /api/v1/convert/audio-to-text HTTP/1.1" 200 - "-" "PostmanRuntime/7.26.8"
::1 - - [08/Feb/2021:20:19:36 +0000] "POST /api/v1/convert/audio-to-text HTTP/1.1" 200 22 "-" "PostmanRuntime/7.26.8"
::1 - - [08/Feb/2021:20:22:33 +0000] "POST /api/v1/convert/audio-to-text HTTP/1.1" 200 2 "-" "PostmanRuntime/7.26.8"
::1 - - [08/Feb/2021:20:23:54 +0000] "POST /api/v1/convert/audio-to-text HTTP/1.1" 200 2 "-" "PostmanRuntime/7.26.8"
::1 - - [08/Feb/2021:20:25:19 +0000] "POST /api/v1/convert/audio-to-text HTTP/1.1" 200 2 "-" "PostmanRuntime/7.26.8"
::1 - - [08/Feb/2021:20:25:54 +0000] "POST /api/v1/convert/audio-to-text HTTP/1.1" 200 2 "-" "PostmanRuntime/7.26.8"
::1 - - [08/Feb/2021:20:26:38 +0000] "POST /api/v1/convert/audio-to-text HTTP/1.1" 200 2 "-" "PostmanRuntime/7.26.8"
::1 - - [08/Feb/2021:20:28:16 +0000] "POST /api/v1/convert/audio-to-text HTTP/1.1" 200 865 "-" "PostmanRuntime/7.26.8"
::1 - - [08/Feb/2021:20:32:29 +0000] "POST /api/v1/convert/audio-to-text HTTP/1.1" 200 865 "-" "PostmanRuntime/7.26.8"
::1 - - [08/Feb/2021:20:33:04 +0000] "POST /api/v1/convert/audio-to-text HTTP/1.1" 200 14 "-" "PostmanRuntime/7.26.8"
::1 - - [08/Feb/2021:20:34:04 +0000] "POST /api/v1/convert/audio-to-text HTTP/1.1" 200 865 "-" "PostmanRuntime/7.26.8"
::1 - - [08/Feb/2021:20:36:39 +0000] "POST /api/v1/convert/audio-to-text HTTP/1.1" 200 14 "-" "PostmanRuntime/7.26.8"
::1 - - [08/Feb/2021:20:36:53 +0000] "POST /api/v1/convert/audio-to-text HTTP/1.1" 200 14 "-" "PostmanRuntime/7.26.8"
::1 - - [08/Feb/2021:20:37:34 +0000] "POST /api/v1/convert/audio-to-text HTTP/1.1" 200 864 "-" "PostmanRuntime/7.26.8"
::1 - - [08/Feb/2021:20:38:21 +0000] "POST /api/v1/convert/audio-to-text HTTP/1.1" 200 865 "-" "PostmanRuntime/7.26.8"
::1 - - [08/Feb/2021:20:40:56 +0000] "POST /api/v1/convert/audio-to-text HTTP/1.1" 200 865 "-" "PostmanRuntime/7.26.8"
::1 - - [08/Feb/2021:20:41:41 +0000] "POST /api/v1/convert/audio-to-text HTTP/1.1" 200 865 "-" "PostmanRuntime/7.26.8"
::1 - - [08/Feb/2021:20:43:44 +0000] "POST /api/v1/convert/audio-to-text HTTP/1.1" 200 863 "-" "PostmanRuntime/7.26.8"
::1 - - [08/Feb/2021:20:44:36 +0000] "POST /api/v1/convert/audio-to-text HTTP/1.1" 200 865 "-" "PostmanRuntime/7.26.8"
::1 - - [10/Feb/2021:12:46:50 +0000] "POST /api/v1/convert/audio-to-text HTTP/1.1" 500 19 "http://localhost:3000/" "Mozilla/5.0 (Windows NT 10.0; Win64; x64) AppleWebKit/537.36 (KHTML, like Gecko) Chrome/88.0.4324.150 Safari/537.36"
::1 - - [10/Feb/2021:12:48:17 +0000] "POST /api/v1/convert/audio-to-text HTTP/1.1" 200 14 "http://localhost:3000/" "Mozilla/5.0 (Windows NT 10.0; Win64; x64) AppleWebKit/537.36 (KHTML, like Gecko) Chrome/88.0.4324.150 Safari/537.36"
::1 - - [10/Feb/2021:12:50:45 +0000] "POST /api/v1/convert/audio-to-text HTTP/1.1" 200 14 "http://localhost:3000/" "Mozilla/5.0 (Windows NT 10.0; Win64; x64) AppleWebKit/537.36 (KHTML, like Gecko) Chrome/88.0.4324.150 Safari/537.36"
::1 - - [10/Feb/2021:12:52:03 +0000] "POST /api/v1/convert/audio-to-text HTTP/1.1" 200 14 "http://localhost:3000/" "Mozilla/5.0 (Windows NT 10.0; Win64; x64) AppleWebKit/537.36 (KHTML, like Gecko) Chrome/88.0.4324.150 Safari/537.36"
::1 - - [10/Feb/2021:12:52:25 +0000] "POST /api/v1/convert/audio-to-text HTTP/1.1" 200 14 "http://localhost:3000/" "Mozilla/5.0 (Windows NT 10.0; Win64; x64) AppleWebKit/537.36 (KHTML, like Gecko) Chrome/88.0.4324.150 Safari/537.36"
::1 - - [10/Feb/2021:12:53:58 +0000] "POST /api/v1/convert/audio-to-text HTTP/1.1" 200 14 "http://localhost:3000/" "Mozilla/5.0 (Windows NT 10.0; Win64; x64) AppleWebKit/537.36 (KHTML, like Gecko) Chrome/88.0.4324.150 Safari/537.36"
::1 - - [10/Feb/2021:12:56:59 +0000] "POST /api/v1/convert/audio-to-text HTTP/1.1" 200 14 "http://localhost:3000/" "Mozilla/5.0 (Windows NT 10.0; Win64; x64) AppleWebKit/537.36 (KHTML, like Gecko) Chrome/88.0.4324.150 Safari/537.36"
::1 - - [10/Feb/2021:12:58:45 +0000] "POST /api/v1/convert/audio-to-text HTTP/1.1" 200 14 "http://localhost:3000/" "Mozilla/5.0 (Windows NT 10.0; Win64; x64) AppleWebKit/537.36 (KHTML, like Gecko) Chrome/88.0.4324.150 Safari/537.36"
::1 - - [10/Feb/2021:13:09:25 +0000] "POST /api/v1/convert/audio-to-text HTTP/1.1" 200 14 "http://localhost:3000/" "Mozilla/5.0 (Windows NT 10.0; Win64; x64) AppleWebKit/537.36 (KHTML, like Gecko) Chrome/88.0.4324.150 Safari/537.36"
::1 - - [10/Feb/2021:13:17:34 +0000] "POST /api/v1/convert/audio-to-text HTTP/1.1" 200 14 "http://localhost:3000/" "Mozilla/5.0 (Windows NT 10.0; Win64; x64) AppleWebKit/537.36 (KHTML, like Gecko) Chrome/88.0.4324.150 Safari/537.36"
::1 - - [10/Feb/2021:13:17:57 +0000] "POST /api/v1/convert/audio-to-text HTTP/1.1" 200 14 "http://localhost:3000/" "Mozilla/5.0 (Windows NT 10.0; Win64; x64) AppleWebKit/537.36 (KHTML, like Gecko) Chrome/88.0.4324.150 Safari/537.36"
::1 - - [10/Feb/2021:13:18:57 +0000] "POST /api/v1/convert/audio-to-text HTTP/1.1" 200 14 "http://localhost:3000/" "Mozilla/5.0 (Windows NT 10.0; Win64; x64) AppleWebKit/537.36 (KHTML, like Gecko) Chrome/88.0.4324.150 Safari/537.36"
::1 - - [10/Feb/2021:13:33:45 +0000] "POST /api/v1/convert/audio-to-text HTTP/1.1" 200 863 "http://localhost:3000/" "Mozilla/5.0 (Macintosh; Intel Mac OS X 10_15_4) AppleWebKit/537.36 (KHTML, like Gecko) Chrome/88.0.4324.146 Safari/537.36"
::1 - - [10/Feb/2021:13:34:07 +0000] "POST /api/v1/convert/audio-to-text HTTP/1.1" - - "http://localhost:3000/" "Mozilla/5.0 (Macintosh; Intel Mac OS X 10_15_4) AppleWebKit/537.36 (KHTML, like Gecko) Chrome/88.0.4324.146 Safari/537.36"
::1 - - [10/Feb/2021:13:36:31 +0000] "POST /api/v1/convert/audio-to-text HTTP/1.1" 200 81 "http://localhost:3000/" "Mozilla/5.0 (Macintosh; Intel Mac OS X 10_15_4) AppleWebKit/537.36 (KHTML, like Gecko) Chrome/88.0.4324.146 Safari/537.36"
::1 - - [11/Feb/2021:07:30:05 +0000] "POST /api/v1/convert/textfile-to-text HTTP/1.1" 200 143 "-" "PostmanRuntime/7.26.8"
::1 - - [11/Feb/2021:07:31:23 +0000] "POST /api/v1/convert/textfile-to-text HTTP/1.1" 200 43 "-" "PostmanRuntime/7.26.8"
::1 - - [11/Feb/2021:07:34:52 +0000] "POST /api/v1/convert/textfile-to-text HTTP/1.1" 200 43 "-" "PostmanRuntime/7.26.8"
::1 - - [11/Feb/2021:07:35:24 +0000] "POST /api/v1/convert/textfile-to-text HTTP/1.1" 500 71 "-" "PostmanRuntime/7.26.8"
::1 - - [11/Feb/2021:07:37:46 +0000] "POST /api/v1/convert/textfile-to-text HTTP/1.1" 200 43 "-" "PostmanRuntime/7.26.8"
::1 - - [11/Feb/2021:07:39:26 +0000] "POST /api/v1/convert/textfile-to-text HTTP/1.1" 500 54 "-" "PostmanRuntime/7.26.8"
::1 - - [11/Feb/2021:07:39:43 +0000] "POST /api/v1/convert/textfile-to-text HTTP/1.1" 200 43 "-" "PostmanRuntime/7.26.8"
::1 - - [11/Feb/2021:07:39:53 +0000] "POST /api/v1/convert/textfile-to-text HTTP/1.1" 200 22 "-" "PostmanRuntime/7.26.8"
